<?xml version="1.0" encoding="UTF-8"?>
<!-- Generated by org.testng.reporters.JUnitReportReporter -->
<testsuite hostname="Pooja" failures="0" tests="1" name="Com.Actitime.Testscripts.TaskTest" time="14.683" errors="0" timestamp="2023-03-29T19:11:09 PDT" skipped="0">
  <testcase classname="Com.Actitime.Testscripts.TaskTest" name="createCustomer" time="14.683"/>
  <system-out/>
</testsuite> <!-- Com.Actitime.Testscripts.TaskTest -->
